{"numFailedTestSuites":0,"numFailedTests":0,"numPassedTestSuites":4,"numPassedTests":42,"numPendingTestSuites":0,"numPendingTests":0,"numRuntimeErrorTestSuites":0,"numTodoTests":0,"numTotalTestSuites":4,"numTotalTests":42,"openHandles":[],"snapshot":{"added":0,"didUpdate":false,"failure":false,"filesAdded":0,"filesRemoved":0,"filesRemovedList":[],"filesUnmatched":0,"filesUpdated":0,"matched":0,"total":0,"unchecked":0,"uncheckedKeysByFile":[],"unmatched":0,"updated":0},"startTime":1770277031303,"success":true,"testResults":[{"assertionResults":[{"ancestorTitles":["TodoItem"],"duration":13,"failureDetails":[],"failureMessages":[],"fullName":"TodoItem renders todo item with text","invocations":1,"location":null,"numPassingAsserts":1,"retryReasons":[],"status":"passed","title":"renders todo item with text"},{"ancestorTitles":["TodoItem"],"duration":14,"failureDetails":[],"failureMessages":[],"fullName":"TodoItem displays checkbox in unchecked state for incomplete todo","invocations":1,"location":null,"numPassingAsserts":1,"retryReasons":[],"status":"passed","title":"displays checkbox in unchecked state for incomplete todo"},{"ancestorTitles":["TodoItem"],"duration":3,"failureDetails":[],"failureMessages":[],"fullName":"TodoItem displays checkbox in checked state for completed todo","invocations":1,"location":null,"numPassingAsserts":1,"retryReasons":[],"status":"passed","title":"displays checkbox in checked state for completed todo"},{"ancestorTitles":["TodoItem"],"duration":3,"failureDetails":[],"failureMessages":[],"fullName":"TodoItem applies strikethrough style when todo is completed","invocations":1,"location":null,"numPassingAsserts":1,"retryReasons":[],"status":"passed","title":"applies strikethrough style when todo is completed"},{"ancestorTitles":["TodoItem"],"duration":5,"failureDetails":[],"failureMessages":[],"fullName":"TodoItem calls toggleTodo when checkbox is clicked","invocations":1,"location":null,"numPassingAsserts":1,"retryReasons":[],"status":"passed","title":"calls toggleTodo when checkbox is clicked"},{"ancestorTitles":["TodoItem"],"duration":4,"failureDetails":[],"failureMessages":[],"fullName":"TodoItem calls deleteTodo when delete button is clicked","invocations":1,"location":null,"numPassingAsserts":1,"retryReasons":[],"status":"passed","title":"calls deleteTodo when delete button is clicked"},{"ancestorTitles":["TodoItem"],"duration":2,"failureDetails":[],"failureMessages":[],"fullName":"TodoItem renders delete button with correct symbol","invocations":1,"location":null,"numPassingAsserts":1,"retryReasons":[],"status":"passed","title":"renders delete button with correct symbol"}],"endTime":1770277031762,"message":"","name":"/Users/patils3/Desktop/Frontend/todo-app/src/__tests__/TodoItem.test.jsx","startTime":1770277031433,"status":"passed","summary":""},{"assertionResults":[{"ancestorTitles":["TodoInput"],"duration":4,"failureDetails":[],"failureMessages":[],"fullName":"TodoInput renders input field with placeholder","invocations":1,"location":null,"numPassingAsserts":1,"retryReasons":[],"status":"passed","title":"renders input field with placeholder"},{"ancestorTitles":["TodoInput"],"duration":5,"failureDetails":[],"failureMessages":[],"fullName":"TodoInput renders add button","invocations":1,"location":null,"numPassingAsserts":1,"retryReasons":[],"status":"passed","title":"renders add button"},{"ancestorTitles":["TodoInput"],"duration":45,"failureDetails":[],"failureMessages":[],"fullName":"TodoInput updates input value when user types","invocations":1,"location":null,"numPassingAsserts":1,"retryReasons":[],"status":"passed","title":"updates input value when user types"},{"ancestorTitles":["TodoInput"],"duration":39,"failureDetails":[],"failureMessages":[],"fullName":"TodoInput clears input field after adding a todo","invocations":1,"location":null,"numPassingAsserts":1,"retryReasons":[],"status":"passed","title":"clears input field after adding a todo"},{"ancestorTitles":["TodoInput"],"duration":34,"failureDetails":[],"failureMessages":[],"fullName":"TodoInput button is clickable when input has text","invocations":1,"location":null,"numPassingAsserts":2,"retryReasons":[],"status":"passed","title":"button is clickable when input has text"},{"ancestorTitles":["TodoInput"],"duration":3,"failureDetails":[],"failureMessages":[],"fullName":"TodoInput does not clear input when empty add is clicked","invocations":1,"location":null,"numPassingAsserts":2,"retryReasons":[],"status":"passed","title":"does not clear input when empty add is clicked"},{"ancestorTitles":["TodoInput"],"duration":14,"failureDetails":[],"failureMessages":[],"fullName":"TodoInput handles whitespace-only input by not clearing","invocations":1,"location":null,"numPassingAsserts":1,"retryReasons":[],"status":"passed","title":"handles whitespace-only input by not clearing"},{"ancestorTitles":["TodoInput"],"duration":1,"failureDetails":[],"failureMessages":[],"fullName":"TodoInput input field is accessible and functional","invocations":1,"location":null,"numPassingAsserts":2,"retryReasons":[],"status":"passed","title":"input field is accessible and functional"},{"ancestorTitles":["TodoInput"],"duration":52,"failureDetails":[],"failureMessages":[],"fullName":"TodoInput input can be typed multiple times and cleared","invocations":1,"location":null,"numPassingAsserts":4,"retryReasons":[],"status":"passed","title":"input can be typed multiple times and cleared"},{"ancestorTitles":["TodoInput"],"duration":16,"failureDetails":[],"failureMessages":[],"fullName":"TodoInput add button is always clickable","invocations":1,"location":null,"numPassingAsserts":3,"retryReasons":[],"status":"passed","title":"add button is always clickable"}],"endTime":1770277032059,"message":"","name":"/Users/patils3/Desktop/Frontend/todo-app/src/__tests__/TodoInput.test.jsx","startTime":1770277031769,"status":"passed","summary":""},{"assertionResults":[{"ancestorTitles":["TodoList"],"duration":3,"failureDetails":[],"failureMessages":[],"fullName":"TodoList renders empty state when no todos exist","invocations":1,"location":null,"numPassingAsserts":1,"retryReasons":[],"status":"passed","title":"renders empty state when no todos exist"},{"ancestorTitles":["TodoList"],"duration":3,"failureDetails":[],"failureMessages":[],"fullName":"TodoList renders list of todos","invocations":1,"location":null,"numPassingAsserts":3,"retryReasons":[],"status":"passed","title":"renders list of todos"},{"ancestorTitles":["TodoList"],"duration":10,"failureDetails":[],"failureMessages":[],"fullName":"TodoList renders correct number of todo items","invocations":1,"location":null,"numPassingAsserts":1,"retryReasons":[],"status":"passed","title":"renders correct number of todo items"},{"ancestorTitles":["TodoList"],"duration":3,"failureDetails":[],"failureMessages":[],"fullName":"TodoList renders todos with correct completion status","invocations":1,"location":null,"numPassingAsserts":2,"retryReasons":[],"status":"passed","title":"renders todos with correct completion status"},{"ancestorTitles":["TodoList"],"duration":3,"failureDetails":[],"failureMessages":[],"fullName":"TodoList displays checkbox that can be clicked","invocations":1,"location":null,"numPassingAsserts":3,"retryReasons":[],"status":"passed","title":"displays checkbox that can be clicked"},{"ancestorTitles":["TodoList"],"duration":5,"failureDetails":[],"failureMessages":[],"fullName":"TodoList displays delete button that can be clicked","invocations":1,"location":null,"numPassingAsserts":4,"retryReasons":[],"status":"passed","title":"displays delete button that can be clicked"},{"ancestorTitles":["TodoList"],"duration":1,"failureDetails":[],"failureMessages":[],"fullName":"TodoList renders ul element when todos exist","invocations":1,"location":null,"numPassingAsserts":1,"retryReasons":[],"status":"passed","title":"renders ul element when todos exist"},{"ancestorTitles":["TodoList"],"duration":1,"failureDetails":[],"failureMessages":[],"fullName":"TodoList renders li elements for each todo","invocations":1,"location":null,"numPassingAsserts":1,"retryReasons":[],"status":"passed","title":"renders li elements for each todo"}],"endTime":1770277032293,"message":"","name":"/Users/patils3/Desktop/Frontend/todo-app/src/__tests__/TodoList.test.jsx","startTime":1770277032212,"status":"passed","summary":""},{"assertionResults":[{"ancestorTitles":["Todos Reducer"],"duration":1,"failureDetails":[],"failureMessages":[],"fullName":"Todos Reducer returns initial state","invocations":1,"location":null,"numPassingAsserts":1,"retryReasons":[],"status":"passed","title":"returns initial state"},{"ancestorTitles":["Todos Reducer","loadTodosSuccess"],"duration":0,"failureDetails":[],"failureMessages":[],"fullName":"Todos Reducer loadTodosSuccess loads todos and sets loading to false","invocations":1,"location":null,"numPassingAsserts":2,"retryReasons":[],"status":"passed","title":"loads todos and sets loading to false"},{"ancestorTitles":["Todos Reducer","loadTodosSuccess"],"duration":1,"failureDetails":[],"failureMessages":[],"fullName":"Todos Reducer loadTodosSuccess replaces existing todos with new ones","invocations":1,"location":null,"numPassingAsserts":2,"retryReasons":[],"status":"passed","title":"replaces existing todos with new ones"},{"ancestorTitles":["Todos Reducer","addTodoSuccess"],"duration":0,"failureDetails":[],"failureMessages":[],"fullName":"Todos Reducer addTodoSuccess adds a new todo to the list","invocations":1,"location":null,"numPassingAsserts":2,"retryReasons":[],"status":"passed","title":"adds a new todo to the list"},{"ancestorTitles":["Todos Reducer","addTodoSuccess"],"duration":0,"failureDetails":[],"failureMessages":[],"fullName":"Todos Reducer addTodoSuccess preserves existing todos when adding new one","invocations":1,"location":null,"numPassingAsserts":3,"retryReasons":[],"status":"passed","title":"preserves existing todos when adding new one"},{"ancestorTitles":["Todos Reducer","addTodoSuccess"],"duration":0,"failureDetails":[],"failureMessages":[],"fullName":"Todos Reducer addTodoSuccess adds todo with completed status false","invocations":1,"location":null,"numPassingAsserts":1,"retryReasons":[],"status":"passed","title":"adds todo with completed status false"},{"ancestorTitles":["Todos Reducer","toggleTodoSuccess"],"duration":0,"failureDetails":[],"failureMessages":[],"fullName":"Todos Reducer toggleTodoSuccess toggles todo completed status from false to true","invocations":1,"location":null,"numPassingAsserts":2,"retryReasons":[],"status":"passed","title":"toggles todo completed status from false to true"},{"ancestorTitles":["Todos Reducer","toggleTodoSuccess"],"duration":0,"failureDetails":[],"failureMessages":[],"fullName":"Todos Reducer toggleTodoSuccess toggles todo completed status from true to false","invocations":1,"location":null,"numPassingAsserts":2,"retryReasons":[],"status":"passed","title":"toggles todo completed status from true to false"},{"ancestorTitles":["Todos Reducer","toggleTodoSuccess"],"duration":0,"failureDetails":[],"failureMessages":[],"fullName":"Todos Reducer toggleTodoSuccess toggles correct todo by index","invocations":1,"location":null,"numPassingAsserts":3,"retryReasons":[],"status":"passed","title":"toggles correct todo by index"},{"ancestorTitles":["Todos Reducer","toggleTodoSuccess"],"duration":0,"failureDetails":[],"failureMessages":[],"fullName":"Todos Reducer toggleTodoSuccess does not affect other todo properties when toggling","invocations":1,"location":null,"numPassingAsserts":3,"retryReasons":[],"status":"passed","title":"does not affect other todo properties when toggling"},{"ancestorTitles":["Todos Reducer","toggleTodoSuccess"],"duration":0,"failureDetails":[],"failureMessages":[],"fullName":"Todos Reducer toggleTodoSuccess handles toggle on non-existent index gracefully","invocations":1,"location":null,"numPassingAsserts":2,"retryReasons":[],"status":"passed","title":"handles toggle on non-existent index gracefully"},{"ancestorTitles":["Todos Reducer","deleteTodoSuccess"],"duration":0,"failureDetails":[],"failureMessages":[],"fullName":"Todos Reducer deleteTodoSuccess deletes todo at specified index","invocations":1,"location":null,"numPassingAsserts":3,"retryReasons":[],"status":"passed","title":"deletes todo at specified index"},{"ancestorTitles":["Todos Reducer","deleteTodoSuccess"],"duration":1,"failureDetails":[],"failureMessages":[],"fullName":"Todos Reducer deleteTodoSuccess deletes first todo in list","invocations":1,"location":null,"numPassingAsserts":2,"retryReasons":[],"status":"passed","title":"deletes first todo in list"},{"ancestorTitles":["Todos Reducer","deleteTodoSuccess"],"duration":0,"failureDetails":[],"failureMessages":[],"fullName":"Todos Reducer deleteTodoSuccess deletes last todo in list","invocations":1,"location":null,"numPassingAsserts":3,"retryReasons":[],"status":"passed","title":"deletes last todo in list"},{"ancestorTitles":["Todos Reducer","deleteTodoSuccess"],"duration":0,"failureDetails":[],"failureMessages":[],"fullName":"Todos Reducer deleteTodoSuccess deletes only todo from list","invocations":1,"location":null,"numPassingAsserts":1,"retryReasons":[],"status":"passed","title":"deletes only todo from list"},{"ancestorTitles":["Todos Reducer","multiple actions"],"duration":0,"failureDetails":[],"failureMessages":[],"fullName":"Todos Reducer multiple actions adds multiple todos sequentially","invocations":1,"location":null,"numPassingAsserts":4,"retryReasons":[],"status":"passed","title":"adds multiple todos sequentially"},{"ancestorTitles":["Todos Reducer","multiple actions"],"duration":0,"failureDetails":[],"failureMessages":[],"fullName":"Todos Reducer multiple actions adds, toggles, and deletes todos","invocations":1,"location":null,"numPassingAsserts":4,"retryReasons":[],"status":"passed","title":"adds, toggles, and deletes todos"}],"endTime":1770277032325,"message":"","name":"/Users/patils3/Desktop/Frontend/todo-app/src/__tests__/todosReducer.test.js","startTime":1770277032297,"status":"passed","summary":""}],"wasInterrupted":false}
