{"/Users/patils3/Desktop/Frontend/todo-app/src/App.jsx": {"path":"/Users/patils3/Desktop/Frontend/todo-app/src/App.jsx","statementMap":{"0":{"start":{"line":8,"column":2},"end":{"line":16,"column":4}}},"fnMap":{"0":{"name":"App","decl":{"start":{"line":7,"column":9},"end":{"line":7,"column":12}},"loc":{"start":{"line":7,"column":15},"end":{"line":17,"column":1}},"line":7}},"branchMap":{},"s":{"0":0},"f":{"0":0},"b":{}}
,"/Users/patils3/Desktop/Frontend/todo-app/src/test-utils.js": {"path":"/Users/patils3/Desktop/Frontend/todo-app/src/test-utils.js","statementMap":{"0":{"start":{"line":10,"column":25},"end":{"line":17,"column":3}},"1":{"start":{"line":19,"column":2},"end":{"line":24,"column":5}},"2":{"start":{"line":31,"column":21},"end":{"line":31,"column":54}},"3":{"start":{"line":32,"column":23},"end":{"line":32,"column":45}},"4":{"start":{"line":34,"column":20},"end":{"line":34,"column":58}},"5":{"start":{"line":37,"column":4},"end":{"line":37,"column":61}},"6":{"start":{"line":40,"column":2},"end":{"line":43,"column":4}}},"fnMap":{"0":{"name":"createMockStore","decl":{"start":{"line":9,"column":16},"end":{"line":9,"column":31}},"loc":{"start":{"line":9,"column":51},"end":{"line":25,"column":1}},"line":9},"1":{"name":"renderWithRedux","decl":{"start":{"line":30,"column":16},"end":{"line":30,"column":31}},"loc":{"start":{"line":30,"column":96},"end":{"line":44,"column":1}},"line":30},"2":{"name":"Wrapper","decl":{"start":{"line":36,"column":11},"end":{"line":36,"column":18}},"loc":{"start":{"line":36,"column":33},"end":{"line":38,"column":3}},"line":36}},"branchMap":{"0":{"loc":{"start":{"line":9,"column":32},"end":{"line":9,"column":49}},"type":"default-arg","locations":[{"start":{"line":9,"column":47},"end":{"line":9,"column":49}}],"line":9},"1":{"loc":{"start":{"line":30,"column":36},"end":{"line":30,"column":94}},"type":"default-arg","locations":[{"start":{"line":30,"column":92},"end":{"line":30,"column":94}}],"line":30},"2":{"loc":{"start":{"line":30,"column":38},"end":{"line":30,"column":55}},"type":"default-arg","locations":[{"start":{"line":30,"column":53},"end":{"line":30,"column":55}}],"line":30},"3":{"loc":{"start":{"line":30,"column":57},"end":{"line":30,"column":69}},"type":"default-arg","locations":[{"start":{"line":30,"column":65},"end":{"line":30,"column":69}}],"line":30},"4":{"loc":{"start":{"line":34,"column":20},"end":{"line":34,"column":58}},"type":"binary-expr","locations":[{"start":{"line":34,"column":20},"end":{"line":34,"column":25}},{"start":{"line":34,"column":29},"end":{"line":34,"column":58}}],"line":34}},"s":{"0":18,"1":18,"2":18,"3":18,"4":18,"5":18,"6":18},"f":{"0":18,"1":18,"2":18},"b":{"0":[0],"1":[10],"2":[10],"3":[18],"4":[18,18]},"_coverageSchema":"1a1c01bbd47fc00a2c39e90264f33305004495a9","hash":"45791e4a4ec51ec52a13992d8c1f44cd29e122e8"}
,"/Users/patils3/Desktop/Frontend/todo-app/src/components/Navigation.jsx": {"path":"/Users/patils3/Desktop/Frontend/todo-app/src/components/Navigation.jsx","statementMap":{"0":{"start":{"line":5,"column":2},"end":{"line":19,"column":4}}},"fnMap":{"0":{"name":"Navigation","decl":{"start":{"line":4,"column":9},"end":{"line":4,"column":19}},"loc":{"start":{"line":4,"column":22},"end":{"line":20,"column":1}},"line":4}},"branchMap":{},"s":{"0":0},"f":{"0":0},"b":{}}
,"/Users/patils3/Desktop/Frontend/todo-app/src/components/TodoInput.jsx": {"path":"/Users/patils3/Desktop/Frontend/todo-app/src/components/TodoInput.jsx","statementMap":{"0":{"start":{"line":6,"column":28},"end":{"line":6,"column":40}},"1":{"start":{"line":7,"column":19},"end":{"line":7,"column":32}},"2":{"start":{"line":9,"column":20},"end":{"line":13,"column":3}},"3":{"start":{"line":10,"column":4},"end":{"line":10,"column":35}},"4":{"start":{"line":10,"column":29},"end":{"line":10,"column":35}},"5":{"start":{"line":11,"column":4},"end":{"line":11,"column":42}},"6":{"start":{"line":12,"column":4},"end":{"line":12,"column":16}},"7":{"start":{"line":15,"column":2},"end":{"line":25,"column":3}},"8":{"start":{"line":21,"column":25},"end":{"line":21,"column":49}}},"fnMap":{"0":{"name":"TodoInput","decl":{"start":{"line":5,"column":9},"end":{"line":5,"column":18}},"loc":{"start":{"line":5,"column":21},"end":{"line":26,"column":1}},"line":5},"1":{"name":"(anonymous_1)","decl":{"start":{"line":9,"column":20},"end":{"line":9,"column":21}},"loc":{"start":{"line":9,"column":26},"end":{"line":13,"column":3}},"line":9},"2":{"name":"(anonymous_2)","decl":{"start":{"line":21,"column":18},"end":{"line":21,"column":19}},"loc":{"start":{"line":21,"column":25},"end":{"line":21,"column":49}},"line":21}},"branchMap":{"0":{"loc":{"start":{"line":10,"column":4},"end":{"line":10,"column":35}},"type":"if","locations":[{"start":{"line":10,"column":4},"end":{"line":10,"column":35}},{"start":{},"end":{}}],"line":10}},"s":{"0":73,"1":72,"2":72,"3":6,"4":2,"5":4,"6":4,"7":72,"8":58},"f":{"0":73,"1":6,"2":58},"b":{"0":[2,4]},"_coverageSchema":"1a1c01bbd47fc00a2c39e90264f33305004495a9","hash":"b4475c9bd97e81d350f96ca90313a83ff052dff6"}
,"/Users/patils3/Desktop/Frontend/todo-app/src/components/TodoItem.jsx": {"path":"/Users/patils3/Desktop/Frontend/todo-app/src/components/TodoItem.jsx","statementMap":{"0":{"start":{"line":2,"column":2},"end":{"line":21,"column":4}}},"fnMap":{"0":{"name":"TodoItem","decl":{"start":{"line":1,"column":9},"end":{"line":1,"column":17}},"loc":{"start":{"line":1,"column":59},"end":{"line":22,"column":1}},"line":1}},"branchMap":{"0":{"loc":{"start":{"line":12,"column":26},"end":{"line":12,"column":66}},"type":"cond-expr","locations":[{"start":{"line":12,"column":43},"end":{"line":12,"column":57}},{"start":{"line":12,"column":60},"end":{"line":12,"column":66}}],"line":12},"1":{"loc":{"start":{"line":13,"column":17},"end":{"line":13,"column":49}},"type":"cond-expr","locations":[{"start":{"line":13,"column":34},"end":{"line":13,"column":40}},{"start":{"line":13,"column":43},"end":{"line":13,"column":49}}],"line":13}},"s":{"0":24},"f":{"0":24},"b":{"0":[4,20],"1":[4,20]},"_coverageSchema":"1a1c01bbd47fc00a2c39e90264f33305004495a9","hash":"12ff9303ee3544233ee59e9d06849c9ad0255298"}
,"/Users/patils3/Desktop/Frontend/todo-app/src/components/TodoList.jsx": {"path":"/Users/patils3/Desktop/Frontend/todo-app/src/components/TodoList.jsx","statementMap":{"0":{"start":{"line":6,"column":16},"end":{"line":6,"column":55}},"1":{"start":{"line":6,"column":37},"end":{"line":6,"column":54}},"2":{"start":{"line":7,"column":19},"end":{"line":7,"column":32}},"3":{"start":{"line":9,"column":2},"end":{"line":11,"column":3}},"4":{"start":{"line":10,"column":4},"end":{"line":10,"column":37}},"5":{"start":{"line":13,"column":2},"end":{"line":25,"column":4}},"6":{"start":{"line":16,"column":8},"end":{"line":22,"column":10}},"7":{"start":{"line":20,"column":28},"end":{"line":20,"column":62}},"8":{"start":{"line":21,"column":28},"end":{"line":21,"column":62}}},"fnMap":{"0":{"name":"TodoList","decl":{"start":{"line":5,"column":9},"end":{"line":5,"column":17}},"loc":{"start":{"line":5,"column":20},"end":{"line":26,"column":1}},"line":5},"1":{"name":"(anonymous_1)","decl":{"start":{"line":6,"column":28},"end":{"line":6,"column":29}},"loc":{"start":{"line":6,"column":37},"end":{"line":6,"column":54}},"line":6},"2":{"name":"(anonymous_2)","decl":{"start":{"line":15,"column":17},"end":{"line":15,"column":18}},"loc":{"start":{"line":16,"column":8},"end":{"line":22,"column":10}},"line":16},"3":{"name":"(anonymous_3)","decl":{"start":{"line":20,"column":22},"end":{"line":20,"column":23}},"loc":{"start":{"line":20,"column":28},"end":{"line":20,"column":62}},"line":20},"4":{"name":"(anonymous_4)","decl":{"start":{"line":21,"column":22},"end":{"line":21,"column":23}},"loc":{"start":{"line":21,"column":28},"end":{"line":21,"column":62}},"line":21}},"branchMap":{"0":{"loc":{"start":{"line":9,"column":2},"end":{"line":11,"column":3}},"type":"if","locations":[{"start":{"line":9,"column":2},"end":{"line":11,"column":3}},{"start":{},"end":{}}],"line":9},"1":{"loc":{"start":{"line":9,"column":6},"end":{"line":9,"column":34}},"type":"binary-expr","locations":[{"start":{"line":9,"column":6},"end":{"line":9,"column":12}},{"start":{"line":9,"column":16},"end":{"line":9,"column":34}}],"line":9}},"s":{"0":8,"1":16,"2":8,"3":8,"4":1,"5":7,"6":17,"7":1,"8":1},"f":{"0":8,"1":16,"2":17,"3":1,"4":1},"b":{"0":[1,7],"1":[8,8]},"_coverageSchema":"1a1c01bbd47fc00a2c39e90264f33305004495a9","hash":"074d646e2679ec2288c0201380314b4dbe5ddfcc"}
,"/Users/patils3/Desktop/Frontend/todo-app/src/pages/Todo.jsx": {"path":"/Users/patils3/Desktop/Frontend/todo-app/src/pages/Todo.jsx","statementMap":{"0":{"start":{"line":9,"column":19},"end":{"line":9,"column":32}},"1":{"start":{"line":11,"column":2},"end":{"line":13,"column":17}},"2":{"start":{"line":12,"column":4},"end":{"line":12,"column":32}},"3":{"start":{"line":15,"column":2},"end":{"line":23,"column":4}}},"fnMap":{"0":{"name":"Todo","decl":{"start":{"line":8,"column":9},"end":{"line":8,"column":13}},"loc":{"start":{"line":8,"column":16},"end":{"line":24,"column":1}},"line":8},"1":{"name":"(anonymous_1)","decl":{"start":{"line":11,"column":12},"end":{"line":11,"column":13}},"loc":{"start":{"line":11,"column":18},"end":{"line":13,"column":3}},"line":11}},"branchMap":{},"s":{"0":0,"1":0,"2":0,"3":0},"f":{"0":0,"1":0},"b":{}}
,"/Users/patils3/Desktop/Frontend/todo-app/src/pages/Users.jsx": {"path":"/Users/patils3/Desktop/Frontend/todo-app/src/pages/Users.jsx","statementMap":{"0":{"start":{"line":7,"column":28},"end":{"line":7,"column":40}},"1":{"start":{"line":8,"column":28},"end":{"line":8,"column":40}},"2":{"start":{"line":9,"column":32},"end":{"line":9,"column":46}},"3":{"start":{"line":10,"column":28},"end":{"line":10,"column":42}},"4":{"start":{"line":11,"column":34},"end":{"line":11,"column":67}},"5":{"start":{"line":12,"column":42},"end":{"line":12,"column":57}},"6":{"start":{"line":13,"column":40},"end":{"line":13,"column":54}},"7":{"start":{"line":16,"column":2},"end":{"line":35,"column":9}},"8":{"start":{"line":17,"column":22},"end":{"line":32,"column":5}},"9":{"start":{"line":18,"column":6},"end":{"line":31,"column":7}},"10":{"start":{"line":19,"column":8},"end":{"line":19,"column":25}},"11":{"start":{"line":20,"column":8},"end":{"line":20,"column":23}},"12":{"start":{"line":21,"column":39},"end":{"line":24,"column":10}},"13":{"start":{"line":25,"column":8},"end":{"line":25,"column":28}},"14":{"start":{"line":26,"column":8},"end":{"line":26,"column":28}},"15":{"start":{"line":28,"column":8},"end":{"line":28,"column":55}},"16":{"start":{"line":30,"column":8},"end":{"line":30,"column":26}},"17":{"start":{"line":34,"column":4},"end":{"line":34,"column":16}},"18":{"start":{"line":37,"column":28},"end":{"line":43,"column":3}},"19":{"start":{"line":38,"column":28},"end":{"line":38,"column":36}},"20":{"start":{"line":39,"column":4},"end":{"line":42,"column":8}},"21":{"start":{"line":39,"column":25},"end":{"line":42,"column":5}},"22":{"start":{"line":45,"column":27},"end":{"line":73,"column":3}},"23":{"start":{"line":46,"column":4},"end":{"line":46,"column":23}},"24":{"start":{"line":48,"column":4},"end":{"line":51,"column":5}},"25":{"start":{"line":49,"column":6},"end":{"line":49,"column":59}},"26":{"start":{"line":50,"column":6},"end":{"line":50,"column":13}},"27":{"start":{"line":53,"column":4},"end":{"line":72,"column":5}},"28":{"start":{"line":54,"column":6},"end":{"line":54,"column":28}},"29":{"start":{"line":55,"column":6},"end":{"line":55,"column":27}},"30":{"start":{"line":57,"column":22},"end":{"line":61,"column":8}},"31":{"start":{"line":64,"column":6},"end":{"line":64,"column":43}},"32":{"start":{"line":64,"column":23},"end":{"line":64,"column":41}},"33":{"start":{"line":67,"column":6},"end":{"line":67,"column":43}},"34":{"start":{"line":69,"column":6},"end":{"line":69,"column":61}},"35":{"start":{"line":71,"column":6},"end":{"line":71,"column":29}},"36":{"start":{"line":75,"column":2},"end":{"line":82,"column":3}},"37":{"start":{"line":76,"column":4},"end":{"line":81,"column":6}},"38":{"start":{"line":84,"column":2},"end":{"line":91,"column":3}},"39":{"start":{"line":85,"column":4},"end":{"line":90,"column":6}},"40":{"start":{"line":93,"column":2},"end":{"line":178,"column":4}},"41":{"start":{"line":106,"column":16},"end":{"line":110,"column":22}},"42":{"start":{"line":167,"column":16},"end":{"line":171,"column":22}}},"fnMap":{"0":{"name":"Users","decl":{"start":{"line":6,"column":9},"end":{"line":6,"column":14}},"loc":{"start":{"line":6,"column":17},"end":{"line":179,"column":1}},"line":6},"1":{"name":"(anonymous_1)","decl":{"start":{"line":16,"column":12},"end":{"line":16,"column":13}},"loc":{"start":{"line":16,"column":18},"end":{"line":35,"column":3}},"line":16},"2":{"name":"(anonymous_2)","decl":{"start":{"line":17,"column":22},"end":{"line":17,"column":23}},"loc":{"start":{"line":17,"column":34},"end":{"line":32,"column":5}},"line":17},"3":{"name":"(anonymous_3)","decl":{"start":{"line":37,"column":28},"end":{"line":37,"column":29}},"loc":{"start":{"line":37,"column":35},"end":{"line":43,"column":3}},"line":37},"4":{"name":"(anonymous_4)","decl":{"start":{"line":39,"column":16},"end":{"line":39,"column":17}},"loc":{"start":{"line":39,"column":25},"end":{"line":42,"column":5}},"line":39},"5":{"name":"(anonymous_5)","decl":{"start":{"line":45,"column":27},"end":{"line":45,"column":28}},"loc":{"start":{"line":45,"column":40},"end":{"line":73,"column":3}},"line":45},"6":{"name":"(anonymous_6)","decl":{"start":{"line":64,"column":15},"end":{"line":64,"column":16}},"loc":{"start":{"line":64,"column":23},"end":{"line":64,"column":41}},"line":64},"7":{"name":"(anonymous_7)","decl":{"start":{"line":105,"column":25},"end":{"line":105,"column":26}},"loc":{"start":{"line":106,"column":16},"end":{"line":110,"column":22}},"line":106},"8":{"name":"(anonymous_8)","decl":{"start":{"line":166,"column":25},"end":{"line":166,"column":26}},"loc":{"start":{"line":167,"column":16},"end":{"line":171,"column":22}},"line":167}},"branchMap":{"0":{"loc":{"start":{"line":28,"column":17},"end":{"line":28,"column":53}},"type":"binary-expr","locations":[{"start":{"line":28,"column":17},"end":{"line":28,"column":28}},{"start":{"line":28,"column":32},"end":{"line":28,"column":53}}],"line":28},"1":{"loc":{"start":{"line":48,"column":4},"end":{"line":51,"column":5}},"type":"if","locations":[{"start":{"line":48,"column":4},"end":{"line":51,"column":5}},{"start":{},"end":{}}],"line":48},"2":{"loc":{"start":{"line":48,"column":8},"end":{"line":48,"column":55}},"type":"binary-expr","locations":[{"start":{"line":48,"column":8},"end":{"line":48,"column":30}},{"start":{"line":48,"column":34},"end":{"line":48,"column":55}}],"line":48},"3":{"loc":{"start":{"line":69,"column":21},"end":{"line":69,"column":59}},"type":"binary-expr","locations":[{"start":{"line":69,"column":21},"end":{"line":69,"column":32}},{"start":{"line":69,"column":36},"end":{"line":69,"column":59}}],"line":69},"4":{"loc":{"start":{"line":75,"column":2},"end":{"line":82,"column":3}},"type":"if","locations":[{"start":{"line":75,"column":2},"end":{"line":82,"column":3}},{"start":{},"end":{}}],"line":75},"5":{"loc":{"start":{"line":84,"column":2},"end":{"line":91,"column":3}},"type":"if","locations":[{"start":{"line":84,"column":2},"end":{"line":91,"column":3}},{"start":{},"end":{}}],"line":84},"6":{"loc":{"start":{"line":101,"column":11},"end":{"line":113,"column":11}},"type":"cond-expr","locations":[{"start":{"line":102,"column":12},"end":{"line":102,"column":58}},{"start":{"line":104,"column":12},"end":{"line":112,"column":18}}],"line":101},"7":{"loc":{"start":{"line":150,"column":13},"end":{"line":150,"column":75}},"type":"binary-expr","locations":[{"start":{"line":150,"column":13},"end":{"line":150,"column":24}},{"start":{"line":150,"column":28},"end":{"line":150,"column":75}}],"line":150},"8":{"loc":{"start":{"line":157,"column":15},"end":{"line":157,"column":59}},"type":"cond-expr","locations":[{"start":{"line":157,"column":30},"end":{"line":157,"column":43}},{"start":{"line":157,"column":46},"end":{"line":157,"column":59}}],"line":157},"9":{"loc":{"start":{"line":162,"column":11},"end":{"line":174,"column":11}},"type":"cond-expr","locations":[{"start":{"line":163,"column":12},"end":{"line":163,"column":56}},{"start":{"line":165,"column":12},"end":{"line":173,"column":18}}],"line":162}},"s":{"0":0,"1":0,"2":0,"3":0,"4":0,"5":0,"6":0,"7":0,"8":0,"9":0,"10":0,"11":0,"12":0,"13":0,"14":0,"15":0,"16":0,"17":0,"18":0,"19":0,"20":0,"21":0,"22":0,"23":0,"24":0,"25":0,"26":0,"27":0,"28":0,"29":0,"30":0,"31":0,"32":0,"33":0,"34":0,"35":0,"36":0,"37":0,"38":0,"39":0,"40":0,"41":0,"42":0},"f":{"0":0,"1":0,"2":0,"3":0,"4":0,"5":0,"6":0,"7":0,"8":0},"b":{"0":[0,0],"1":[0,0],"2":[0,0],"3":[0,0],"4":[0,0],"5":[0,0],"6":[0,0],"7":[0,0],"8":[0,0],"9":[0,0]}}
,"/Users/patils3/Desktop/Frontend/todo-app/src/services/postService.js": {"path":"/Users/patils3/Desktop/Frontend/todo-app/src/services/postService.js","statementMap":{"0":{"start":{"line":3,"column":21},"end":{"line":3,"column":59}},"1":{"start":{"line":5,"column":18},"end":{"line":8,"column":2}},"2":{"start":{"line":10,"column":27},"end":{"line":39,"column":1}},"3":{"start":{"line":17,"column":4},"end":{"line":22,"column":5}},"4":{"start":{"line":18,"column":23},"end":{"line":18,"column":52}},"5":{"start":{"line":19,"column":6},"end":{"line":19,"column":27}},"6":{"start":{"line":21,"column":6},"end":{"line":21,"column":65}},"7":{"start":{"line":32,"column":4},"end":{"line":37,"column":5}},"8":{"start":{"line":33,"column":23},"end":{"line":33,"column":63}},"9":{"start":{"line":34,"column":6},"end":{"line":34,"column":27}},"10":{"start":{"line":36,"column":6},"end":{"line":36,"column":65}}},"fnMap":{"0":{"name":"(anonymous_0)","decl":{"start":{"line":16,"column":15},"end":{"line":16,"column":16}},"loc":{"start":{"line":16,"column":27},"end":{"line":23,"column":3}},"line":16},"1":{"name":"(anonymous_1)","decl":{"start":{"line":31,"column":14},"end":{"line":31,"column":15}},"loc":{"start":{"line":31,"column":34},"end":{"line":38,"column":3}},"line":31}},"branchMap":{},"s":{"0":0,"1":0,"2":0,"3":0,"4":0,"5":0,"6":0,"7":0,"8":0,"9":0,"10":0},"f":{"0":0,"1":0},"b":{}}
,"/Users/patils3/Desktop/Frontend/todo-app/src/services/userService.js": {"path":"/Users/patils3/Desktop/Frontend/todo-app/src/services/userService.js","statementMap":{"0":{"start":{"line":3,"column":21},"end":{"line":3,"column":59}},"1":{"start":{"line":5,"column":18},"end":{"line":8,"column":2}},"2":{"start":{"line":10,"column":27},"end":{"line":24,"column":1}},"3":{"start":{"line":17,"column":4},"end":{"line":22,"column":5}},"4":{"start":{"line":18,"column":23},"end":{"line":18,"column":52}},"5":{"start":{"line":19,"column":6},"end":{"line":19,"column":27}},"6":{"start":{"line":21,"column":6},"end":{"line":21,"column":65}}},"fnMap":{"0":{"name":"(anonymous_0)","decl":{"start":{"line":16,"column":15},"end":{"line":16,"column":16}},"loc":{"start":{"line":16,"column":27},"end":{"line":23,"column":3}},"line":16}},"branchMap":{},"s":{"0":0,"1":0,"2":0,"3":0,"4":0,"5":0,"6":0},"f":{"0":0},"b":{}}
,"/Users/patils3/Desktop/Frontend/todo-app/src/store/index.js": {"path":"/Users/patils3/Desktop/Frontend/todo-app/src/store/index.js","statementMap":{"0":{"start":{"line":6,"column":23},"end":{"line":6,"column":45}},"1":{"start":{"line":8,"column":14},"end":{"line":12,"column":2}},"2":{"start":{"line":11,"column":2},"end":{"line":11,"column":63}},"3":{"start":{"line":14,"column":0},"end":{"line":14,"column":28}}},"fnMap":{"0":{"name":"(anonymous_0)","decl":{"start":{"line":10,"column":13},"end":{"line":10,"column":14}},"loc":{"start":{"line":11,"column":2},"end":{"line":11,"column":63}},"line":11}},"branchMap":{},"s":{"0":0,"1":0,"2":0,"3":0},"f":{"0":0},"b":{}}
,"/Users/patils3/Desktop/Frontend/todo-app/src/store/rootReducer.js": {"path":"/Users/patils3/Desktop/Frontend/todo-app/src/store/rootReducer.js","statementMap":{},"fnMap":{},"branchMap":{},"s":{},"f":{},"b":{}}
,"/Users/patils3/Desktop/Frontend/todo-app/src/store/rootSaga.js": {"path":"/Users/patils3/Desktop/Frontend/todo-app/src/store/rootSaga.js","statementMap":{"0":{"start":{"line":5,"column":2},"end":{"line":5,"column":27}}},"fnMap":{"0":{"name":"rootSaga","decl":{"start":{"line":4,"column":25},"end":{"line":4,"column":33}},"loc":{"start":{"line":4,"column":36},"end":{"line":6,"column":1}},"line":4}},"branchMap":{},"s":{"0":0},"f":{"0":0},"b":{}}
,"/Users/patils3/Desktop/Frontend/todo-app/src/store/todos/actions.js": {"path":"/Users/patils3/Desktop/Frontend/todo-app/src/store/todos/actions.js","statementMap":{"0":{"start":{"line":3,"column":25},"end":{"line":3,"column":67}},"1":{"start":{"line":3,"column":32},"end":{"line":3,"column":66}},"2":{"start":{"line":4,"column":32},"end":{"line":4,"column":95}},"3":{"start":{"line":4,"column":44},"end":{"line":4,"column":94}},"4":{"start":{"line":6,"column":23},"end":{"line":6,"column":82}},"5":{"start":{"line":6,"column":34},"end":{"line":6,"column":81}},"6":{"start":{"line":7,"column":30},"end":{"line":7,"column":89}},"7":{"start":{"line":7,"column":41},"end":{"line":7,"column":88}},"8":{"start":{"line":9,"column":26},"end":{"line":9,"column":90}},"9":{"start":{"line":9,"column":38},"end":{"line":9,"column":89}},"10":{"start":{"line":10,"column":33},"end":{"line":10,"column":97}},"11":{"start":{"line":10,"column":45},"end":{"line":10,"column":96}},"12":{"start":{"line":12,"column":26},"end":{"line":12,"column":90}},"13":{"start":{"line":12,"column":38},"end":{"line":12,"column":89}},"14":{"start":{"line":13,"column":33},"end":{"line":13,"column":97}},"15":{"start":{"line":13,"column":45},"end":{"line":13,"column":96}},"16":{"start":{"line":15,"column":28},"end":{"line":15,"column":65}},"17":{"start":{"line":15,"column":35},"end":{"line":15,"column":64}}},"fnMap":{"0":{"name":"(anonymous_0)","decl":{"start":{"line":3,"column":25},"end":{"line":3,"column":26}},"loc":{"start":{"line":3,"column":32},"end":{"line":3,"column":66}},"line":3},"1":{"name":"(anonymous_1)","decl":{"start":{"line":4,"column":32},"end":{"line":4,"column":33}},"loc":{"start":{"line":4,"column":44},"end":{"line":4,"column":94}},"line":4},"2":{"name":"(anonymous_2)","decl":{"start":{"line":6,"column":23},"end":{"line":6,"column":24}},"loc":{"start":{"line":6,"column":34},"end":{"line":6,"column":81}},"line":6},"3":{"name":"(anonymous_3)","decl":{"start":{"line":7,"column":30},"end":{"line":7,"column":31}},"loc":{"start":{"line":7,"column":41},"end":{"line":7,"column":88}},"line":7},"4":{"name":"(anonymous_4)","decl":{"start":{"line":9,"column":26},"end":{"line":9,"column":27}},"loc":{"start":{"line":9,"column":38},"end":{"line":9,"column":89}},"line":9},"5":{"name":"(anonymous_5)","decl":{"start":{"line":10,"column":33},"end":{"line":10,"column":34}},"loc":{"start":{"line":10,"column":45},"end":{"line":10,"column":96}},"line":10},"6":{"name":"(anonymous_6)","decl":{"start":{"line":12,"column":26},"end":{"line":12,"column":27}},"loc":{"start":{"line":12,"column":38},"end":{"line":12,"column":89}},"line":12},"7":{"name":"(anonymous_7)","decl":{"start":{"line":13,"column":33},"end":{"line":13,"column":34}},"loc":{"start":{"line":13,"column":45},"end":{"line":13,"column":96}},"line":13},"8":{"name":"(anonymous_8)","decl":{"start":{"line":15,"column":28},"end":{"line":15,"column":29}},"loc":{"start":{"line":15,"column":35},"end":{"line":15,"column":64}},"line":15}},"branchMap":{},"s":{"0":0,"1":0,"2":0,"3":0,"4":0,"5":0,"6":0,"7":0,"8":0,"9":0,"10":0,"11":0,"12":0,"13":0,"14":0,"15":0,"16":0,"17":0},"f":{"0":0,"1":0,"2":0,"3":0,"4":0,"5":0,"6":0,"7":0,"8":0},"b":{}}
,"/Users/patils3/Desktop/Frontend/todo-app/src/store/todos/reducer.js": {"path":"/Users/patils3/Desktop/Frontend/todo-app/src/store/todos/reducer.js","statementMap":{"0":{"start":{"line":3,"column":21},"end":{"line":6,"column":1}},"1":{"start":{"line":9,"column":2},"end":{"line":30,"column":3}},"2":{"start":{"line":11,"column":6},"end":{"line":11,"column":41}},"3":{"start":{"line":13,"column":6},"end":{"line":13,"column":65}},"4":{"start":{"line":16,"column":6},"end":{"line":16,"column":67}},"5":{"start":{"line":19,"column":23},"end":{"line":21,"column":7}},"6":{"start":{"line":20,"column":8},"end":{"line":20,"column":68}},"7":{"start":{"line":22,"column":6},"end":{"line":22,"column":43}},"8":{"start":{"line":26,"column":6},"end":{"line":26,"column":85}},"9":{"start":{"line":26,"column":61},"end":{"line":26,"column":81}},"10":{"start":{"line":29,"column":6},"end":{"line":29,"column":19}}},"fnMap":{"0":{"name":"todos","decl":{"start":{"line":8,"column":24},"end":{"line":8,"column":29}},"loc":{"start":{"line":8,"column":60},"end":{"line":31,"column":1}},"line":8},"1":{"name":"(anonymous_1)","decl":{"start":{"line":19,"column":39},"end":{"line":19,"column":40}},"loc":{"start":{"line":20,"column":8},"end":{"line":20,"column":68}},"line":20},"2":{"name":"(anonymous_2)","decl":{"start":{"line":26,"column":51},"end":{"line":26,"column":52}},"loc":{"start":{"line":26,"column":61},"end":{"line":26,"column":81}},"line":26}},"branchMap":{"0":{"loc":{"start":{"line":8,"column":30},"end":{"line":8,"column":50}},"type":"default-arg","locations":[{"start":{"line":8,"column":38},"end":{"line":8,"column":50}}],"line":8},"1":{"loc":{"start":{"line":9,"column":2},"end":{"line":30,"column":3}},"type":"switch","locations":[{"start":{"line":10,"column":4},"end":{"line":11,"column":41}},{"start":{"line":12,"column":4},"end":{"line":13,"column":65}},{"start":{"line":15,"column":4},"end":{"line":16,"column":67}},{"start":{"line":18,"column":4},"end":{"line":23,"column":5}},{"start":{"line":25,"column":4},"end":{"line":26,"column":85}},{"start":{"line":28,"column":4},"end":{"line":29,"column":19}}],"line":9},"2":{"loc":{"start":{"line":20,"column":8},"end":{"line":20,"column":68}},"type":"cond-expr","locations":[{"start":{"line":20,"column":31},"end":{"line":20,"column":64}},{"start":{"line":20,"column":67},"end":{"line":20,"column":68}}],"line":20}},"s":{"0":0,"1":0,"2":0,"3":0,"4":0,"5":0,"6":0,"7":0,"8":0,"9":0,"10":0},"f":{"0":0,"1":0,"2":0},"b":{"0":[0],"1":[0,0,0,0,0,0],"2":[0,0]}}
,"/Users/patils3/Desktop/Frontend/todo-app/src/store/todos/sagas.js": {"path":"/Users/patils3/Desktop/Frontend/todo-app/src/store/todos/sagas.js","statementMap":{"0":{"start":{"line":15,"column":2},"end":{"line":15,"column":18}},"1":{"start":{"line":16,"column":16},"end":{"line":16,"column":62}},"2":{"start":{"line":17,"column":16},"end":{"line":17,"column":46}},"3":{"start":{"line":18,"column":2},"end":{"line":18,"column":36}},"4":{"start":{"line":22,"column":15},"end":{"line":22,"column":57}},"5":{"start":{"line":23,"column":2},"end":{"line":23,"column":33}},"6":{"start":{"line":24,"column":2},"end":{"line":24,"column":27}},"7":{"start":{"line":28,"column":2},"end":{"line":28,"column":46}},"8":{"start":{"line":29,"column":2},"end":{"line":29,"column":27}},"9":{"start":{"line":33,"column":2},"end":{"line":33,"column":46}},"10":{"start":{"line":34,"column":2},"end":{"line":34,"column":27}},"11":{"start":{"line":38,"column":16},"end":{"line":38,"column":58}},"12":{"start":{"line":38,"column":40},"end":{"line":38,"column":57}},"13":{"start":{"line":39,"column":2},"end":{"line":39,"column":71}},"14":{"start":{"line":43,"column":2},"end":{"line":43,"column":55}},"15":{"start":{"line":44,"column":2},"end":{"line":44,"column":51}},"16":{"start":{"line":45,"column":2},"end":{"line":45,"column":57}},"17":{"start":{"line":46,"column":2},"end":{"line":46,"column":57}},"18":{"start":{"line":47,"column":2},"end":{"line":47,"column":54}}},"fnMap":{"0":{"name":"loadTodosSaga","decl":{"start":{"line":14,"column":10},"end":{"line":14,"column":23}},"loc":{"start":{"line":14,"column":26},"end":{"line":19,"column":1}},"line":14},"1":{"name":"addTodoSaga","decl":{"start":{"line":21,"column":10},"end":{"line":21,"column":21}},"loc":{"start":{"line":21,"column":30},"end":{"line":25,"column":1}},"line":21},"2":{"name":"toggleTodoSaga","decl":{"start":{"line":27,"column":10},"end":{"line":27,"column":24}},"loc":{"start":{"line":27,"column":33},"end":{"line":30,"column":1}},"line":27},"3":{"name":"deleteTodoSaga","decl":{"start":{"line":32,"column":10},"end":{"line":32,"column":24}},"loc":{"start":{"line":32,"column":33},"end":{"line":35,"column":1}},"line":32},"4":{"name":"persistTodosSaga","decl":{"start":{"line":37,"column":10},"end":{"line":37,"column":26}},"loc":{"start":{"line":37,"column":29},"end":{"line":40,"column":1}},"line":37},"5":{"name":"(anonymous_5)","decl":{"start":{"line":38,"column":29},"end":{"line":38,"column":30}},"loc":{"start":{"line":38,"column":40},"end":{"line":38,"column":57}},"line":38},"6":{"name":"todosSaga","decl":{"start":{"line":42,"column":25},"end":{"line":42,"column":34}},"loc":{"start":{"line":42,"column":37},"end":{"line":48,"column":1}},"line":42}},"branchMap":{"0":{"loc":{"start":{"line":17,"column":16},"end":{"line":17,"column":46}},"type":"cond-expr","locations":[{"start":{"line":17,"column":24},"end":{"line":17,"column":41}},{"start":{"line":17,"column":44},"end":{"line":17,"column":46}}],"line":17}},"s":{"0":0,"1":0,"2":0,"3":0,"4":0,"5":0,"6":0,"7":0,"8":0,"9":0,"10":0,"11":0,"12":0,"13":0,"14":0,"15":0,"16":0,"17":0,"18":0},"f":{"0":0,"1":0,"2":0,"3":0,"4":0,"5":0,"6":0},"b":{"0":[0,0]}}
,"/Users/patils3/Desktop/Frontend/todo-app/src/store/todos/slice.js": {"path":"/Users/patils3/Desktop/Frontend/todo-app/src/store/todos/slice.js","statementMap":{"0":{"start":{"line":3,"column":32},"end":{"line":3,"column":70}},"1":{"start":{"line":4,"column":30},"end":{"line":4,"column":66}},"2":{"start":{"line":5,"column":33},"end":{"line":5,"column":72}},"3":{"start":{"line":6,"column":33},"end":{"line":6,"column":72}},"4":{"start":{"line":7,"column":28},"end":{"line":7,"column":62}},"5":{"start":{"line":9,"column":19},"end":{"line":28,"column":2}},"6":{"start":{"line":14,"column":6},"end":{"line":14,"column":27}},"7":{"start":{"line":15,"column":6},"end":{"line":15,"column":34}},"8":{"start":{"line":18,"column":6},"end":{"line":18,"column":38}},"9":{"start":{"line":21,"column":18},"end":{"line":21,"column":32}},"10":{"start":{"line":22,"column":6},"end":{"line":22,"column":84}},"11":{"start":{"line":22,"column":28},"end":{"line":22,"column":84}},"12":{"start":{"line":25,"column":6},"end":{"line":25,"column":43}},"13":{"start":{"line":30,"column":90},"end":{"line":30,"column":108}}},"fnMap":{"0":{"name":"(anonymous_0)","decl":{"start":{"line":13,"column":4},"end":{"line":13,"column":5}},"loc":{"start":{"line":13,"column":36},"end":{"line":16,"column":5}},"line":13},"1":{"name":"(anonymous_1)","decl":{"start":{"line":17,"column":4},"end":{"line":17,"column":5}},"loc":{"start":{"line":17,"column":34},"end":{"line":19,"column":5}},"line":17},"2":{"name":"(anonymous_2)","decl":{"start":{"line":20,"column":4},"end":{"line":20,"column":5}},"loc":{"start":{"line":20,"column":37},"end":{"line":23,"column":5}},"line":20},"3":{"name":"(anonymous_3)","decl":{"start":{"line":24,"column":4},"end":{"line":24,"column":5}},"loc":{"start":{"line":24,"column":37},"end":{"line":26,"column":5}},"line":24}},"branchMap":{"0":{"loc":{"start":{"line":22,"column":6},"end":{"line":22,"column":84}},"type":"if","locations":[{"start":{"line":22,"column":6},"end":{"line":22,"column":84}},{"start":{},"end":{}}],"line":22}},"s":{"0":3,"1":3,"2":3,"3":3,"4":3,"5":3,"6":2,"7":2,"8":9,"9":6,"10":6,"11":5,"12":5,"13":3},"f":{"0":2,"1":9,"2":6,"3":5},"b":{"0":[5,1]},"_coverageSchema":"1a1c01bbd47fc00a2c39e90264f33305004495a9","hash":"b990b2e1c04afc6d4042028a757cae8affb0348d"}
,"/Users/patils3/Desktop/Frontend/todo-app/src/store/todos/types.js": {"path":"/Users/patils3/Desktop/Frontend/todo-app/src/store/todos/types.js","statementMap":{"0":{"start":{"line":1,"column":34},"end":{"line":1,"column":54}},"1":{"start":{"line":2,"column":34},"end":{"line":2,"column":54}},"2":{"start":{"line":4,"column":32},"end":{"line":4,"column":50}},"3":{"start":{"line":5,"column":32},"end":{"line":5,"column":50}},"4":{"start":{"line":7,"column":35},"end":{"line":7,"column":56}},"5":{"start":{"line":8,"column":35},"end":{"line":8,"column":56}},"6":{"start":{"line":10,"column":35},"end":{"line":10,"column":56}},"7":{"start":{"line":11,"column":35},"end":{"line":11,"column":56}},"8":{"start":{"line":13,"column":29},"end":{"line":13,"column":44}}},"fnMap":{},"branchMap":{},"s":{"0":0,"1":0,"2":0,"3":0,"4":0,"5":0,"6":0,"7":0,"8":0},"f":{},"b":{}}
}
