TN:
SF:src/App.jsx
FN:7,App
FNF:1
FNH:0
FNDA:0,App
DA:8,0
LF:1
LH:0
BRF:0
BRH:0
end_of_record
TN:
SF:src/test-utils.js
FN:9,createMockStore
FN:30,renderWithRedux
FN:36,Wrapper
FNF:3
FNH:3
FNDA:18,createMockStore
FNDA:18,renderWithRedux
FNDA:18,Wrapper
DA:10,18
DA:19,18
DA:31,18
DA:32,18
DA:34,18
DA:37,18
DA:40,18
LF:7
LH:7
BRDA:9,0,0,0
BRDA:30,1,0,10
BRDA:30,2,0,10
BRDA:30,3,0,18
BRDA:34,4,0,18
BRDA:34,4,1,18
BRF:6
BRH:5
end_of_record
TN:
SF:src/components/Navigation.jsx
FN:4,Navigation
FNF:1
FNH:0
FNDA:0,Navigation
DA:5,0
LF:1
LH:0
BRF:0
BRH:0
end_of_record
TN:
SF:src/components/TodoInput.jsx
FN:5,TodoInput
FN:9,(anonymous_1)
FN:21,(anonymous_2)
FNF:3
FNH:3
FNDA:73,TodoInput
FNDA:6,(anonymous_1)
FNDA:58,(anonymous_2)
DA:6,73
DA:7,72
DA:9,72
DA:10,6
DA:11,4
DA:12,4
DA:15,72
DA:21,58
LF:8
LH:8
BRDA:10,0,0,2
BRDA:10,0,1,4
BRF:2
BRH:2
end_of_record
TN:
SF:src/components/TodoItem.jsx
FN:1,TodoItem
FNF:1
FNH:1
FNDA:24,TodoItem
DA:2,24
LF:1
LH:1
BRDA:12,0,0,4
BRDA:12,0,1,20
BRDA:13,1,0,4
BRDA:13,1,1,20
BRF:4
BRH:4
end_of_record
TN:
SF:src/components/TodoList.jsx
FN:5,TodoList
FN:6,(anonymous_1)
FN:15,(anonymous_2)
FN:20,(anonymous_3)
FN:21,(anonymous_4)
FNF:5
FNH:5
FNDA:8,TodoList
FNDA:16,(anonymous_1)
FNDA:17,(anonymous_2)
FNDA:1,(anonymous_3)
FNDA:1,(anonymous_4)
DA:6,16
DA:7,8
DA:9,8
DA:10,1
DA:13,7
DA:16,17
DA:20,1
DA:21,1
LF:8
LH:8
BRDA:9,0,0,1
BRDA:9,0,1,7
BRDA:9,1,0,8
BRDA:9,1,1,8
BRF:4
BRH:4
end_of_record
TN:
SF:src/pages/Todo.jsx
FN:8,Todo
FN:11,(anonymous_1)
FNF:2
FNH:0
FNDA:0,Todo
FNDA:0,(anonymous_1)
DA:9,0
DA:11,0
DA:12,0
DA:15,0
LF:4
LH:0
BRF:0
BRH:0
end_of_record
TN:
SF:src/pages/Users.jsx
FN:6,Users
FN:16,(anonymous_1)
FN:17,(anonymous_2)
FN:37,(anonymous_3)
FN:39,(anonymous_4)
FN:45,(anonymous_5)
FN:64,(anonymous_6)
FN:105,(anonymous_7)
FN:166,(anonymous_8)
FNF:9
FNH:0
FNDA:0,Users
FNDA:0,(anonymous_1)
FNDA:0,(anonymous_2)
FNDA:0,(anonymous_3)
FNDA:0,(anonymous_4)
FNDA:0,(anonymous_5)
FNDA:0,(anonymous_6)
FNDA:0,(anonymous_7)
FNDA:0,(anonymous_8)
DA:7,0
DA:8,0
DA:9,0
DA:10,0
DA:11,0
DA:12,0
DA:13,0
DA:16,0
DA:17,0
DA:18,0
DA:19,0
DA:20,0
DA:21,0
DA:25,0
DA:26,0
DA:28,0
DA:30,0
DA:34,0
DA:37,0
DA:38,0
DA:39,0
DA:45,0
DA:46,0
DA:48,0
DA:49,0
DA:50,0
DA:53,0
DA:54,0
DA:55,0
DA:57,0
DA:64,0
DA:67,0
DA:69,0
DA:71,0
DA:75,0
DA:76,0
DA:84,0
DA:85,0
DA:93,0
DA:106,0
DA:167,0
LF:41
LH:0
BRDA:28,0,0,0
BRDA:28,0,1,0
BRDA:48,1,0,0
BRDA:48,1,1,0
BRDA:48,2,0,0
BRDA:48,2,1,0
BRDA:69,3,0,0
BRDA:69,3,1,0
BRDA:75,4,0,0
BRDA:75,4,1,0
BRDA:84,5,0,0
BRDA:84,5,1,0
BRDA:101,6,0,0
BRDA:101,6,1,0
BRDA:150,7,0,0
BRDA:150,7,1,0
BRDA:157,8,0,0
BRDA:157,8,1,0
BRDA:162,9,0,0
BRDA:162,9,1,0
BRF:20
BRH:0
end_of_record
TN:
SF:src/services/postService.js
FN:16,(anonymous_0)
FN:31,(anonymous_1)
FNF:2
FNH:0
FNDA:0,(anonymous_0)
FNDA:0,(anonymous_1)
DA:3,0
DA:5,0
DA:10,0
DA:17,0
DA:18,0
DA:19,0
DA:21,0
DA:32,0
DA:33,0
DA:34,0
DA:36,0
LF:11
LH:0
BRF:0
BRH:0
end_of_record
TN:
SF:src/services/userService.js
FN:16,(anonymous_0)
FNF:1
FNH:0
FNDA:0,(anonymous_0)
DA:3,0
DA:5,0
DA:10,0
DA:17,0
DA:18,0
DA:19,0
DA:21,0
LF:7
LH:0
BRF:0
BRH:0
end_of_record
TN:
SF:src/store/index.js
FN:10,(anonymous_0)
FNF:1
FNH:0
FNDA:0,(anonymous_0)
DA:6,0
DA:8,0
DA:11,0
DA:14,0
LF:4
LH:0
BRF:0
BRH:0
end_of_record
TN:
SF:src/store/rootReducer.js
FNF:0
FNH:0
LF:0
LH:0
BRF:0
BRH:0
end_of_record
TN:
SF:src/store/rootSaga.js
FN:4,rootSaga
FNF:1
FNH:0
FNDA:0,rootSaga
DA:5,0
LF:1
LH:0
BRF:0
BRH:0
end_of_record
TN:
SF:src/store/todos/actions.js
FN:3,(anonymous_0)
FN:4,(anonymous_1)
FN:6,(anonymous_2)
FN:7,(anonymous_3)
FN:9,(anonymous_4)
FN:10,(anonymous_5)
FN:12,(anonymous_6)
FN:13,(anonymous_7)
FN:15,(anonymous_8)
FNF:9
FNH:0
FNDA:0,(anonymous_0)
FNDA:0,(anonymous_1)
FNDA:0,(anonymous_2)
FNDA:0,(anonymous_3)
FNDA:0,(anonymous_4)
FNDA:0,(anonymous_5)
FNDA:0,(anonymous_6)
FNDA:0,(anonymous_7)
FNDA:0,(anonymous_8)
DA:3,0
DA:4,0
DA:6,0
DA:7,0
DA:9,0
DA:10,0
DA:12,0
DA:13,0
DA:15,0
LF:9
LH:0
BRF:0
BRH:0
end_of_record
TN:
SF:src/store/todos/reducer.js
FN:8,todos
FN:19,(anonymous_1)
FN:26,(anonymous_2)
FNF:3
FNH:0
FNDA:0,todos
FNDA:0,(anonymous_1)
FNDA:0,(anonymous_2)
DA:3,0
DA:9,0
DA:11,0
DA:13,0
DA:16,0
DA:19,0
DA:20,0
DA:22,0
DA:26,0
DA:29,0
LF:10
LH:0
BRDA:8,0,0,0
BRDA:9,1,0,0
BRDA:9,1,1,0
BRDA:9,1,2,0
BRDA:9,1,3,0
BRDA:9,1,4,0
BRDA:9,1,5,0
BRDA:20,2,0,0
BRDA:20,2,1,0
BRF:9
BRH:0
end_of_record
TN:
SF:src/store/todos/sagas.js
FN:14,loadTodosSaga
FN:21,addTodoSaga
FN:27,toggleTodoSaga
FN:32,deleteTodoSaga
FN:37,persistTodosSaga
FN:38,(anonymous_5)
FN:42,todosSaga
FNF:7
FNH:0
FNDA:0,loadTodosSaga
FNDA:0,addTodoSaga
FNDA:0,toggleTodoSaga
FNDA:0,deleteTodoSaga
FNDA:0,persistTodosSaga
FNDA:0,(anonymous_5)
FNDA:0,todosSaga
DA:15,0
DA:16,0
DA:17,0
DA:18,0
DA:22,0
DA:23,0
DA:24,0
DA:28,0
DA:29,0
DA:33,0
DA:34,0
DA:38,0
DA:39,0
DA:43,0
DA:44,0
DA:45,0
DA:46,0
DA:47,0
LF:18
LH:0
BRDA:17,0,0,0
BRDA:17,0,1,0
BRF:2
BRH:0
end_of_record
TN:
SF:src/store/todos/slice.js
FN:13,(anonymous_0)
FN:17,(anonymous_1)
FN:20,(anonymous_2)
FN:24,(anonymous_3)
FNF:4
FNH:4
FNDA:2,(anonymous_0)
FNDA:9,(anonymous_1)
FNDA:6,(anonymous_2)
FNDA:5,(anonymous_3)
DA:3,3
DA:4,3
DA:5,3
DA:6,3
DA:7,3
DA:9,3
DA:14,2
DA:15,2
DA:18,9
DA:21,6
DA:22,6
DA:25,5
DA:30,3
LF:13
LH:13
BRDA:22,0,0,5
BRDA:22,0,1,1
BRF:2
BRH:2
end_of_record
TN:
SF:src/store/todos/types.js
FNF:0
FNH:0
DA:1,0
DA:2,0
DA:4,0
DA:5,0
DA:7,0
DA:8,0
DA:10,0
DA:11,0
DA:13,0
LF:9
LH:0
BRF:0
BRH:0
end_of_record
